<?xml version="1.0" encoding="UTF-8"?>
<!-- Generated by org.testng.reporters.JUnitReportReporter -->
<testsuite hostname="MOUNIKA" failures="0" tests="1" name="testcases1.Dashboard_stepdef" time="16.986" errors="0" timestamp="2024-02-16T13:05:38 IST" skipped="0">
  <testcase classname="testcases1.Dashboard_stepdef" name="LoginPage" time="16.986"/>
</testsuite> <!-- testcases1.Dashboard_stepdef -->
